10-10 23:27 :DEBUG:root: logging enabled at path: data\logs
10-10 23:27 :DEBUG:root: key repetition is set to True
10-10 23:27 :DEBUG:root: loaded hero state" {'pos': (300, 440), 'last_pos': (300, 440), 'arrow_keys': {273, 274, 275, 276}, 'speed': 20, 'coin_purse': 1, 'current_level': 'Isle2', 'rect': <rect(300, 440, 20, 20)>, 'isalive': True, 'inventory': [], 'direction': 'UP', 'mobile': True, 'name': 'Brob', 'inventory_size': 15, 'hor': 0, 'vert': 0, 'collision_on': True}
10-10 23:27 :DEBUG:root: after dict update: {'inventory': [], 'collision_on': True, 'coin_purse': 1, 'current_level': 'Isle2', 'inventory_size': 15, 'rect': <rect(300, 440, 20, 20)>, 'pos': (300, 440), 'last_pos': (300, 440), 'arrow_keys': {273, 274, 275, 276}, 'speed': 20, 'isalive': True, 'vert': 0, 'direction': 'UP', 'mobile': True, 'hor': 0, 'name': 'Brob'}
10-10 23:27 :DEBUG:root: current bgm was:  room bgm is: engine_slow.wav
10-10 23:28 :DEBUG:root: saving hero state: {'inventory': [], 'collision_on': True, 'coin_purse': 1, 'current_level': 'Isle2', 'inventory_size': 15, 'rect': <rect(300, 440, 20, 20)>, 'pos': (300, 440), 'last_pos': (300, 440), 'arrow_keys': {273, 274, 275, 276}, 'speed': 20, 'isalive': True, 'vert': 0, 'direction': 'UP', 'mobile': True, 'hor': 0, 'name': 'Brob'}
10-10 23:28 :INFO:root: Game over! End loop.
10-10 23:35 :DEBUG:root: logging enabled at path: data\logs
10-10 23:35 :DEBUG:root: key repetition is set to True
10-10 23:35 :DEBUG:root: loaded hero state" {'inventory_size': 15, 'rect': <rect(300, 440, 20, 20)>, 'collision_on': True, 'speed': 20, 'vert': 0, 'coin_purse': 1, 'mobile': True, 'isalive': True, 'current_level': 'Isle2', 'arrow_keys': {273, 274, 275, 276}, 'pos': (300, 440), 'last_pos': (300, 440), 'name': 'Brob', 'inventory': [], 'direction': 'UP', 'hor': 0}
10-10 23:35 :DEBUG:root: after dict update: {'rect': <rect(300, 440, 20, 20)>, 'speed': 20, 'arrow_keys': {273, 274, 275, 276}, 'pos': (300, 440), 'direction': 'UP', 'hor': 0, 'inventory_size': 15, 'collision_on': True, 'coin_purse': 1, 'mobile': True, 'isalive': True, 'current_level': 'Isle2', 'vert': 0, 'last_pos': (300, 440), 'inventory': [], 'name': 'Brob'}
10-10 23:37 :DEBUG:root: logging enabled at path: data\logs
10-10 23:37 :DEBUG:root: key repetition is set to True
10-10 23:38 :DEBUG:root: logging enabled at path: data\logs
10-10 23:38 :DEBUG:root: key repetition is set to True
10-10 23:38 :DEBUG:root: loaded hero state" {'inventory': [], 'direction': 'UP', 'name': 'Brob', 'last_pos': (300, 440), 'isalive': True, 'current_level': 'Isle2', 'arrow_keys': {273, 274, 275, 276}, 'vert': 0, 'mobile': True, 'rect': <rect(300, 440, 20, 20)>, 'coin_purse': 1, 'speed': 20, 'inventory_size': 15, 'hor': 0, 'collision_on': True, 'pos': (300, 440)}
10-10 23:38 :DEBUG:root: after dict update: {'direction': 'UP', 'name': 'Brob', 'pos': (300, 440), 'mobile': True, 'coin_purse': 1, 'inventory_size': 15, 'inventory': [], 'last_pos': (300, 440), 'isalive': True, 'current_level': 'Isle2', 'arrow_keys': {273, 274, 275, 276}, 'vert': 0, 'speed': 20, 'rect': <rect(300, 440, 20, 20)>, 'hor': 0, 'collision_on': True}
10-10 23:38 :DEBUG:root: current bgm was:  room bgm is: engine_slow.wav
10-10 23:38 :DEBUG:root: saving hero state: {'direction': 'UP', 'name': 'Brob', 'pos': (300, 400), 'mobile': True, 'coin_purse': 1, 'inventory_size': 15, 'inventory': [], 'last_pos': (300, 400), 'isalive': True, 'current_level': 'Isle2', 'arrow_keys': {273, 274, 275, 276}, 'vert': 0, 'speed': 20, 'rect': <rect(300, 400, 20, 20)>, 'hor': 0, 'collision_on': True}
10-10 23:38 :INFO:root: Game over! End loop.
10-10 23:38 :DEBUG:root: logging enabled at path: data\logs
10-10 23:38 :DEBUG:root: key repetition is set to True
10-10 23:38 :DEBUG:root: loaded hero state" {'pos': (300, 400), 'collision_on': True, 'last_pos': (300, 400), 'arrow_keys': {273, 274, 275, 276}, 'coin_purse': 1, 'speed': 20, 'inventory': [], 'current_level': 'Isle2', 'rect': <rect(300, 400, 20, 20)>, 'isalive': True, 'direction': 'UP', 'mobile': True, 'inventory_size': 15, 'name': 'Brob', 'hor': 0, 'vert': 0}
10-10 23:38 :DEBUG:root: after dict update: {'inventory': [], 'coin_purse': 1, 'collision_on': True, 'current_level': 'Isle2', 'inventory_size': 15, 'rect': <rect(300, 400, 20, 20)>, 'vert': 0, 'pos': (300, 400), 'last_pos': (300, 400), 'arrow_keys': {273, 274, 275, 276}, 'speed': 20, 'isalive': True, 'direction': 'UP', 'mobile': True, 'name': 'Brob', 'hor': 0}
10-10 23:38 :DEBUG:root: current bgm was:  room bgm is: engine_slow.wav
10-10 23:38 :DEBUG:root: saving hero state: {'inventory': [], 'coin_purse': 1, 'collision_on': True, 'current_level': 'Isle2', 'inventory_size': 15, 'rect': <rect(300, 400, 20, 20)>, 'vert': 0, 'pos': (300, 400), 'last_pos': (300, 400), 'arrow_keys': {273, 274, 275, 276}, 'speed': 20, 'isalive': True, 'direction': 'UP', 'mobile': True, 'name': 'Brob', 'hor': 0}
10-10 23:38 :INFO:root: Game over! End loop.
10-10 23:38 :DEBUG:root: logging enabled at path: data\logs
10-10 23:38 :DEBUG:root: key repetition is set to True
10-10 23:38 :DEBUG:root: loaded hero state" {'speed': 20, 'inventory_size': 15, 'hor': 0, 'rect': <rect(300, 440, 20, 20)>, 'collision_on': True, 'coin_purse': 1, 'last_pos': (300, 440), 'isalive': True, 'current_level': 'Isle2', 'arrow_keys': {273, 274, 275, 276}, 'vert': 0, 'mobile': True, 'inventory': [], 'direction': 'UP', 'name': 'Brob', 'pos': (300, 440)}
10-10 23:38 :DEBUG:root: after dict update: {'speed': 20, 'hor': 0, 'collision_on': True, 'isalive': True, 'current_level': 'Isle2', 'arrow_keys': {273, 274, 275, 276}, 'vert': 0, 'inventory': [], 'rect': <rect(300, 440, 20, 20)>, 'last_pos': (300, 440), 'inventory_size': 15, 'coin_purse': 1, 'mobile': True, 'direction': 'UP', 'name': 'Brob', 'pos': (300, 440)}
10-10 23:38 :DEBUG:root: current bgm was:  room bgm is: engine_slow.wav
10-10 23:38 :DEBUG:root: saving hero state: {'speed': 20, 'hor': 0, 'collision_on': True, 'isalive': True, 'current_level': 'Isle2', 'arrow_keys': {273, 274, 275, 276}, 'vert': 0, 'inventory': [], 'rect': <rect(300, 440, 20, 20)>, 'last_pos': (300, 440), 'inventory_size': 15, 'coin_purse': 1, 'mobile': True, 'direction': 'UP', 'name': 'Brob', 'pos': (300, 440)}
10-10 23:38 :INFO:root: Game over! End loop.
10-10 23:38 :DEBUG:root: logging enabled at path: data\logs
10-10 23:38 :DEBUG:root: key repetition is set to True
10-10 23:38 :DEBUG:root: loaded hero state" {'rect': <rect(300, 440, 20, 20)>, 'isalive': True, 'pos': (300, 440), 'current_level': 'Isle2', 'arrow_keys': {273, 274, 275, 276}, 'collision_on': True, 'name': 'Brob', 'last_pos': (300, 440), 'mobile': True, 'vert': 0, 'inventory_size': 15, 'hor': 0, 'speed': 20, 'inventory': [], 'direction': 'UP', 'coin_purse': 1}
10-10 23:38 :DEBUG:root: after dict update: {'current_level': 'Isle2', 'arrow_keys': {273, 274, 275, 276}, 'collision_on': True, 'name': 'Brob', 'pos': (300, 440), 'speed': 20, 'hor': 0, 'inventory': [], 'coin_purse': 1, 'rect': <rect(300, 440, 20, 20)>, 'isalive': True, 'last_pos': (300, 440), 'mobile': True, 'vert': 0, 'inventory_size': 15, 'direction': 'UP'}
10-10 23:38 :DEBUG:root: current bgm was:  room bgm is: engine_slow.wav
10-10 23:38 :DEBUG:root: saving hero state: {'current_level': 'Isle2', 'arrow_keys': {273, 274, 275, 276}, 'collision_on': True, 'name': 'Brob', 'pos': (300, 420), 'speed': 20, 'hor': 0, 'inventory': [], 'coin_purse': 1, 'rect': <rect(300, 420, 20, 20)>, 'isalive': True, 'last_pos': (300, 420), 'mobile': True, 'vert': 0, 'inventory_size': 15, 'direction': 'UP'}
10-10 23:38 :INFO:root: Game over! End loop.
10-10 23:38 :DEBUG:root: logging enabled at path: data\logs
10-10 23:38 :DEBUG:root: key repetition is set to True
10-10 23:38 :DEBUG:root: loaded hero state" {'mobile': True, 'arrow_keys': {273, 274, 275, 276}, 'name': 'Brob', 'inventory_size': 15, 'speed': 20, 'pos': (300, 420), 'vert': 0, 'hor': 0, 'inventory': [], 'direction': 'UP', 'coin_purse': 1, 'collision_on': True, 'isalive': True, 'rect': <rect(300, 420, 20, 20)>, 'last_pos': (300, 420), 'current_level': 'Isle2'}
10-10 23:38 :DEBUG:root: after dict update: {'inventory_size': 15, 'speed': 20, 'vert': 0, 'mobile': True, 'direction': 'UP', 'coin_purse': 1, 'collision_on': True, 'isalive': True, 'rect': <rect(300, 420, 20, 20)>, 'last_pos': (300, 420), 'arrow_keys': {273, 274, 275, 276}, 'name': 'Brob', 'pos': (300, 420), 'hor': 0, 'inventory': [], 'current_level': 'Isle2'}
10-10 23:38 :DEBUG:root: current bgm was:  room bgm is: engine_slow.wav
10-10 23:38 :DEBUG:root: saving hero state: {'inventory_size': 15, 'speed': 20, 'vert': 0, 'mobile': True, 'direction': 'UP', 'coin_purse': 1, 'collision_on': True, 'isalive': True, 'rect': <rect(300, 420, 20, 20)>, 'last_pos': (300, 420), 'arrow_keys': {273, 274, 275, 276}, 'name': 'Brob', 'pos': (300, 420), 'hor': 0, 'inventory': [], 'current_level': 'Isle2'}
10-10 23:38 :INFO:root: Game over! End loop.
10-10 23:39 :DEBUG:root: logging enabled at path: data\logs
10-10 23:39 :DEBUG:root: key repetition is set to True
10-10 23:39 :DEBUG:root: loaded hero state" {'pos': (300, 420), 'rect': <rect(300, 420, 20, 20)>, 'speed': 20, 'inventory_size': 15, 'arrow_keys': {273, 274, 275, 276}, 'direction': 'UP', 'collision_on': True, 'name': 'Brob', 'mobile': True, 'vert': 0, 'last_pos': (300, 420), 'isalive': True, 'hor': 0, 'current_level': 'Isle2', 'coin_purse': 1, 'inventory': []}
10-10 23:39 :DEBUG:root: after dict update: {'rect': <rect(300, 420, 20, 20)>, 'speed': 20, 'collision_on': True, 'direction': 'UP', 'pos': (300, 420), 'inventory': [], 'inventory_size': 15, 'isalive': True, 'arrow_keys': {273, 274, 275, 276}, 'coin_purse': 1, 'mobile': True, 'vert': 0, 'last_pos': (300, 420), 'hor': 0, 'current_level': 'Isle2', 'name': 'Brob'}
10-10 23:39 :DEBUG:root: current bgm was:  room bgm is: engine_slow.wav
10-10 23:39 :DEBUG:root: saving hero state: {'rect': <rect(260, 200, 20, 20)>, 'speed': 20, 'collision_on': True, 'direction': 'RIGHT', 'pos': (260, 200), 'inventory': [<items.RatTail object at 0x0000000006B66518>], 'inventory_size': 15, 'isalive': True, 'arrow_keys': {273, 274, 275, 276}, 'coin_purse': 1, 'mobile': True, 'vert': 0, 'last_pos': (260, 200), 'hor': 0, 'current_level': 'Isle2', 'name': 'Brob'}
10-10 23:39 :INFO:root: Game over! End loop.
10-10 23:39 :DEBUG:root: logging enabled at path: data\logs
10-10 23:39 :DEBUG:root: key repetition is set to True
10-10 23:39 :DEBUG:root: loaded hero state" {'name': 'Brob', 'rect': <rect(260, 200, 20, 20)>, 'current_level': 'Isle2', 'isalive': True, 'last_pos': (260, 200), 'inventory_size': 15, 'coin_purse': 1, 'vert': 0, 'inventory': [<items.RatTail object at 0x0000000002BD55C0>], 'mobile': True, 'collision_on': True, 'arrow_keys': {273, 274, 275, 276}, 'direction': 'RIGHT', 'pos': (260, 200), 'hor': 0, 'speed': 20}
10-10 23:39 :DEBUG:root: after dict update: {'name': 'Brob', 'isalive': True, 'last_pos': (260, 200), 'coin_purse': 1, 'mobile': True, 'direction': 'RIGHT', 'vert': 0, 'speed': 20, 'rect': <rect(260, 200, 20, 20)>, 'current_level': 'Isle2', 'hor': 0, 'inventory_size': 15, 'inventory': [<items.RatTail object at 0x0000000002BD55C0>], 'collision_on': True, 'arrow_keys': {273, 274, 275, 276}, 'pos': (260, 200)}
10-10 23:39 :DEBUG:root: current bgm was:  room bgm is: engine_slow.wav
10-10 23:39 :DEBUG:root: saving hero state: {'name': 'Brob', 'isalive': True, 'last_pos': (300, 360), 'coin_purse': 1, 'mobile': True, 'direction': 'DOWN', 'vert': 0, 'speed': 20, 'rect': <rect(300, 360, 20, 20)>, 'current_level': 'ThroneRoom', 'hor': 0, 'inventory_size': 15, 'inventory': [<items.RatTail object at 0x0000000002BD55C0>, <items.SlimeDust object at 0x0000000006BCB898>, <items.RatTail object at 0x0000000002BD55F8>, <items.RatTail object at 0x0000000006BCF550>], 'collision_on': True, 'arrow_keys': {273, 274, 275, 276}, 'pos': (300, 360)}
10-10 23:39 :INFO:root: Game over! End loop.
10-10 23:39 :DEBUG:root: logging enabled at path: data\logs
10-10 23:39 :DEBUG:root: key repetition is set to True
10-10 23:39 :DEBUG:root: loaded hero state" {'mobile': True, 'collision_on': True, 'hor': 0, 'vert': 0, 'current_level': 'ThroneRoom', 'isalive': True, 'coin_purse': 1, 'speed': 20, 'inventory': [<items.RatTail object at 0x0000000006D7ADA0>, <items.SlimeDust object at 0x0000000006D7ACC0>, <items.RatTail object at 0x0000000006D7AFD0>, <items.RatTail object at 0x0000000006D868D0>], 'rect': <rect(300, 360, 20, 20)>, 'inventory_size': 15, 'arrow_keys': {273, 274, 275, 276}, 'pos': (300, 360), 'last_pos': (300, 360), 'name': 'Brob', 'direction': 'DOWN'}
10-10 23:39 :DEBUG:root: after dict update: {'mobile': True, 'current_level': 'ThroneRoom', 'collision_on': True, 'inventory': [<items.RatTail object at 0x0000000006D7ADA0>, <items.SlimeDust object at 0x0000000006D7ACC0>, <items.RatTail object at 0x0000000006D7AFD0>, <items.RatTail object at 0x0000000006D868D0>], 'rect': <rect(300, 360, 20, 20)>, 'arrow_keys': {273, 274, 275, 276}, 'pos': (300, 360), 'coin_purse': 1, 'last_pos': (300, 360), 'hor': 0, 'vert': 0, 'speed': 20, 'isalive': True, 'direction': 'DOWN', 'inventory_size': 15, 'name': 'Brob'}
10-10 23:39 :DEBUG:root: current bgm was:  room bgm is: engine_slow.wav
10-10 23:39 :DEBUG:root: gold is now 24
10-10 23:39 :DEBUG:root: gold is now 50
10-10 23:39 :DEBUG:root: gold is now 69
10-10 23:39 :DEBUG:root: gold is now 97
10-10 23:40 :DEBUG:root: saving hero state: {'mobile': True, 'current_level': 'ThroneRoom', 'collision_on': True, 'inventory': [<items.RatTail object at 0x0000000006D7ADA0>, <items.SlimeDust object at 0x0000000006D7ACC0>, <items.RatTail object at 0x0000000006D7AFD0>, <items.RatTail object at 0x0000000006D868D0>, <items.RatTail object at 0x0000000006DB0EB8>, <items.RatTail object at 0x0000000006DB4D30>, <items.SlimeDust object at 0x0000000006DBB128>, <items.RatTail object at 0x0000000006DB4E48>, <items.Bone object at 0x0000000006DBB4A8>, <items.Bone object at 0x0000000006DBB4A8>, <items.Bone object at 0x0000000006DBB4A8>, <items.Bone object at 0x0000000006C37828>, <items.Bone object at 0x0000000006C37828>, <items.Bone object at 0x0000000006C37828>, <items.SlimeDust object at 0x0000000006DBB7B8>, <items.Bone object at 0x0000000006DBBC50>], 'rect': <rect(300, 440, 20, 20)>, 'arrow_keys': {273, 274, 275, 276}, 'pos': (300, 440), 'coin_purse': 97, 'last_pos': (300, 440), 'hor': 0, 'vert': 0, 'speed': 20, 'isalive': True, 'direction': 'RIGHT', 'inventory_size': 15, 'name': 'Brob'}
10-10 23:40 :INFO:root: Game over! End loop.
10-10 23:40 :DEBUG:root: logging enabled at path: data\logs
10-10 23:40 :DEBUG:root: key repetition is set to True
10-10 23:40 :DEBUG:root: loaded hero state" {'inventory_size': 15, 'speed': 20, 'vert': 0, 'mobile': True, 'last_pos': (300, 440), 'pos': (300, 440), 'coin_purse': 97, 'direction': 'RIGHT', 'inventory': [<items.RatTail object at 0x0000000002B11160>, <items.SlimeDust object at 0x0000000002B115F8>, <items.RatTail object at 0x0000000002B11630>, <items.RatTail object at 0x0000000002B11668>, <items.RatTail object at 0x0000000006D2FF60>, <items.RatTail object at 0x0000000006D2FDA0>, <items.SlimeDust object at 0x0000000006D2FEF0>, <items.RatTail object at 0x0000000006D2FEB8>, <items.Bone object at 0x0000000006D2FF28>, <items.Bone object at 0x0000000006D2FF28>, <items.Bone object at 0x0000000006D2FF28>, <items.Bone object at 0x0000000006D3B8D0>, <items.Bone object at 0x0000000006D3B8D0>, <items.Bone object at 0x0000000006D3B8D0>, <items.SlimeDust object at 0x0000000006D3B9E8>, <items.Bone object at 0x0000000006D3B898>], 'hor': 0, 'isalive': True, 'rect': <rect(300, 440, 20, 20)>, 'name': 'Brob', 'collision_on': True, 'arrow_keys': {273, 274, 275, 276}, 'current_level': 'ThroneRoom'}
10-10 23:40 :DEBUG:root: after dict update: {'inventory_size': 15, 'vert': 0, 'mobile': True, 'last_pos': (300, 440), 'direction': 'RIGHT', 'isalive': True, 'rect': <rect(300, 440, 20, 20)>, 'speed': 20, 'pos': (300, 440), 'coin_purse': 97, 'inventory': [<items.RatTail object at 0x0000000002B11160>, <items.SlimeDust object at 0x0000000002B115F8>, <items.RatTail object at 0x0000000002B11630>, <items.RatTail object at 0x0000000002B11668>, <items.RatTail object at 0x0000000006D2FF60>, <items.RatTail object at 0x0000000006D2FDA0>, <items.SlimeDust object at 0x0000000006D2FEF0>, <items.RatTail object at 0x0000000006D2FEB8>, <items.Bone object at 0x0000000006D2FF28>, <items.Bone object at 0x0000000006D2FF28>, <items.Bone object at 0x0000000006D2FF28>, <items.Bone object at 0x0000000006D3B8D0>, <items.Bone object at 0x0000000006D3B8D0>, <items.Bone object at 0x0000000006D3B8D0>, <items.SlimeDust object at 0x0000000006D3B9E8>, <items.Bone object at 0x0000000006D3B898>], 'hor': 0, 'name': 'Brob', 'collision_on': True, 'arrow_keys': {273, 274, 275, 276}, 'current_level': 'ThroneRoom'}
10-10 23:40 :DEBUG:root: current bgm was:  room bgm is: engine_slow.wav
10-10 23:40 :DEBUG:root: saving hero state: {'inventory_size': 15, 'vert': 0, 'mobile': True, 'last_pos': (300, 80), 'direction': 'DOWN', 'isalive': True, 'rect': <rect(300, 80, 20, 20)>, 'speed': 20, 'pos': (300, 80), 'coin_purse': 97, 'inventory': [<items.RatTail object at 0x0000000002B11160>, <items.SlimeDust object at 0x0000000002B115F8>, <items.RatTail object at 0x0000000002B11630>, <items.RatTail object at 0x0000000002B11668>, <items.RatTail object at 0x0000000006D2FF60>, <items.RatTail object at 0x0000000006D2FDA0>, <items.SlimeDust object at 0x0000000006D2FEF0>, <items.RatTail object at 0x0000000006D2FEB8>, <items.Bone object at 0x0000000006D2FF28>, <items.Bone object at 0x0000000006D2FF28>, <items.Bone object at 0x0000000006D2FF28>, <items.Bone object at 0x0000000006D3B8D0>, <items.Bone object at 0x0000000006D3B8D0>, <items.Bone object at 0x0000000006D3B8D0>, <items.SlimeDust object at 0x0000000006D3B9E8>, <items.Bone object at 0x0000000006D3B898>], 'hor': 0, 'name': 'Brob', 'collision_on': True, 'arrow_keys': {273, 274, 275, 276}, 'current_level': 'Start'}
10-10 23:40 :INFO:root: Game over! End loop.
